<?xml version="1.0" encoding="UTF-8"?>
<coverage generated="1733240237281" clover="3.2.0">
  <project timestamp="1733240237281" name="All files">
    <metrics statements="12" coveredstatements="12" conditionals="2" coveredconditionals="1" methods="6" coveredmethods="6" elements="20" coveredelements="19" complexity="0" loc="12" ncloc="12" packages="1" files="1" classes="1"/>
    <file name="MakeTodo.jsx" path="/Users/amansingh/Desktop/cohort-new/web-devops/assignment-1/client/src/components/MakeTodo.jsx">
      <metrics statements="12" coveredstatements="12" conditionals="2" coveredconditionals="1" methods="6" coveredmethods="6"/>
      <line num="6" count="1" type="stmt"/>
      <line num="7" count="8" type="stmt"/>
      <line num="13" count="8" type="stmt"/>
      <line num="14" count="4" type="stmt"/>
      <line num="18" count="8" type="stmt"/>
      <line num="19" count="1" type="stmt"/>
      <line num="21" count="1" type="stmt"/>
      <line num="22" count="1" type="cond" truecount="1" falsecount="1"/>
      <line num="23" count="1" type="stmt"/>
      <line num="24" count="1" type="stmt"/>
      <line num="29" count="8" type="stmt"/>
      <line num="69" count="1" type="stmt"/>
    </file>
  </project>
</coverage>
