{"/Users/amansingh/Desktop/cohort-new/web-devops/assignment-1/client/src/components/MakeTodo.jsx": {"path":"/Users/amansingh/Desktop/cohort-new/web-devops/assignment-1/client/src/components/MakeTodo.jsx","statementMap":{"0":{"start":{"line":6,"column":17},"end":{"line":72,"column":1}},"1":{"start":{"line":7,"column":28},"end":{"line":11,"column":6}},"2":{"start":{"line":13,"column":23},"end":{"line":16,"column":3}},"3":{"start":{"line":14,"column":4},"end":{"line":14,"column":64}},"4":{"start":{"line":14,"column":21},"end":{"line":14,"column":62}},"5":{"start":{"line":18,"column":24},"end":{"line":26,"column":5}},"6":{"start":{"line":19,"column":4},"end":{"line":19,"column":22}},"7":{"start":{"line":21,"column":23},"end":{"line":21,"column":95}},"8":{"start":{"line":22,"column":8},"end":{"line":25,"column":9}},"9":{"start":{"line":23,"column":10},"end":{"line":23,"column":67}},"10":{"start":{"line":23,"column":32},"end":{"line":23,"column":65}},"11":{"start":{"line":24,"column":10},"end":{"line":24,"column":29}},"12":{"start":{"line":29,"column":2},"end":{"line":71,"column":4}},"13":{"start":{"line":69,"column":140},"end":{"line":69,"column":159}}},"fnMap":{"0":{"name":"(anonymous_0)","decl":{"start":{"line":6,"column":17},"end":{"line":6,"column":18}},"loc":{"start":{"line":6,"column":51},"end":{"line":72,"column":1}},"line":6},"1":{"name":"(anonymous_1)","decl":{"start":{"line":13,"column":23},"end":{"line":13,"column":24}},"loc":{"start":{"line":13,"column":30},"end":{"line":16,"column":3}},"line":13},"2":{"name":"(anonymous_2)","decl":{"start":{"line":14,"column":12},"end":{"line":14,"column":13}},"loc":{"start":{"line":14,"column":21},"end":{"line":14,"column":62}},"line":14},"3":{"name":"(anonymous_3)","decl":{"start":{"line":18,"column":24},"end":{"line":18,"column":25}},"loc":{"start":{"line":18,"column":35},"end":{"line":26,"column":5}},"line":18},"4":{"name":"(anonymous_4)","decl":{"start":{"line":23,"column":23},"end":{"line":23,"column":24}},"loc":{"start":{"line":23,"column":32},"end":{"line":23,"column":65}},"line":23},"5":{"name":"(anonymous_5)","decl":{"start":{"line":69,"column":136},"end":{"line":69,"column":137}},"loc":{"start":{"line":69,"column":140},"end":{"line":69,"column":159}},"line":69}},"branchMap":{"0":{"loc":{"start":{"line":22,"column":8},"end":{"line":25,"column":9}},"type":"if","locations":[{"start":{"line":22,"column":8},"end":{"line":25,"column":9}},{"start":{},"end":{}}],"line":22}},"s":{"0":1,"1":8,"2":8,"3":4,"4":4,"5":8,"6":1,"7":1,"8":1,"9":1,"10":1,"11":1,"12":8,"13":1},"f":{"0":8,"1":4,"2":4,"3":1,"4":1,"5":1},"b":{"0":[1,0]},"_coverageSchema":"1a1c01bbd47fc00a2c39e90264f33305004495a9","hash":"b05bef0d7501a88c5d460ccf735114c0058d6c20"}
}
